This is pdfTeX, Version 3.1415926-2.4-1.40.13 (MiKTeX 2.9) (preloaded format=pdflatex 2013.6.13)  22 AUG 2013 14:40
entering extended mode
**blockqos.tex
(C:\research\paper\BlockQoS\blockqos.tex
LaTeX2e <2011/06/27>
Babel <v3.8m> and hyphenation patterns for english, afrikaans, ancientgreek, ar
abic, armenian, assamese, basque, bengali, bokmal, bulgarian, catalan, coptic, 
croatian, czech, danish, dutch, esperanto, estonian, farsi, finnish, french, ga
lician, german, german-x-2012-05-30, greek, gujarati, hindi, hungarian, iceland
ic, indonesian, interlingua, irish, italian, kannada, kurmanji, latin, latvian,
 lithuanian, malayalam, marathi, mongolian, mongolianlmc, monogreek, ngerman, n
german-x-2012-05-30, nynorsk, oriya, panjabi, pinyin, polish, portuguese, roman
ian, russian, sanskrit, serbian, slovak, slovenian, spanish, swedish, swissgerm
an, tamil, telugu, turkish, turkmen, ukenglish, ukrainian, uppersorbian, usengl
ishmax, welsh, loaded.
(C:\research\paper\BlockQoS\IEEEtran.cls
Document Class: IEEEtran 2012/11/21 V1.8c by Harald Hanche-Olsen and Anders Chr
istensen
-- Based on V1.7a by Michael Shell
-- See the "IEEEtran_HOWTO" manual for usage information.
-- http://www.michaelshell.org/tex/ieeetran/
\@IEEEtrantmpdimenA=\dimen102
\@IEEEtrantmpdimenB=\dimen103
\@IEEEtrantmpcountA=\count79
\@IEEEtrantmpcountB=\count80
\@IEEEtrantmptoksA=\toks14
LaTeX Font Info:    Try loading font information for OT1+ptm on input line 373.

(C:\programming\tools\Mike\tex\latex\psnfss\ot1ptm.fd
File: ot1ptm.fd 2001/06/04 font definitions for OT1/ptm.
)
-- Using 8.5in x 11in (letter) paper.
-- Using PDF output.
\@IEEEnormalsizeunitybaselineskip=\dimen104
-- This is a 10 point document.
\CLASSINFOnormalsizebaselineskip=\dimen105
\CLASSINFOnormalsizeunitybaselineskip=\dimen106
\IEEEnormaljot=\dimen107
LaTeX Font Info:    Font shape `OT1/ptm/bx/n' in size <5> not available
(Font)              Font shape `OT1/ptm/b/n' tried instead on input line 731.
LaTeX Font Info:    Font shape `OT1/ptm/bx/it' in size <5> not available
(Font)              Font shape `OT1/ptm/b/it' tried instead on input line 731.
LaTeX Font Info:    Font shape `OT1/ptm/bx/n' in size <7> not available
(Font)              Font shape `OT1/ptm/b/n' tried instead on input line 731.
LaTeX Font Info:    Font shape `OT1/ptm/bx/it' in size <7> not available
(Font)              Font shape `OT1/ptm/b/it' tried instead on input line 731.
LaTeX Font Info:    Font shape `OT1/ptm/bx/n' in size <8> not available
(Font)              Font shape `OT1/ptm/b/n' tried instead on input line 731.
LaTeX Font Info:    Font shape `OT1/ptm/bx/it' in size <8> not available
(Font)              Font shape `OT1/ptm/b/it' tried instead on input line 731.
LaTeX Font Info:    Font shape `OT1/ptm/bx/n' in size <9> not available
(Font)              Font shape `OT1/ptm/b/n' tried instead on input line 731.
LaTeX Font Info:    Font shape `OT1/ptm/bx/it' in size <9> not available
(Font)              Font shape `OT1/ptm/b/it' tried instead on input line 731.
LaTeX Font Info:    Font shape `OT1/ptm/bx/n' in size <10> not available
(Font)              Font shape `OT1/ptm/b/n' tried instead on input line 731.
LaTeX Font Info:    Font shape `OT1/ptm/bx/it' in size <10> not available
(Font)              Font shape `OT1/ptm/b/it' tried instead on input line 731.
LaTeX Font Info:    Font shape `OT1/ptm/bx/n' in size <11> not available
(Font)              Font shape `OT1/ptm/b/n' tried instead on input line 731.
LaTeX Font Info:    Font shape `OT1/ptm/bx/it' in size <11> not available
(Font)              Font shape `OT1/ptm/b/it' tried instead on input line 731.
LaTeX Font Info:    Font shape `OT1/ptm/bx/n' in size <12> not available
(Font)              Font shape `OT1/ptm/b/n' tried instead on input line 731.
LaTeX Font Info:    Font shape `OT1/ptm/bx/it' in size <12> not available
(Font)              Font shape `OT1/ptm/b/it' tried instead on input line 731.
LaTeX Font Info:    Font shape `OT1/ptm/bx/n' in size <17> not available
(Font)              Font shape `OT1/ptm/b/n' tried instead on input line 731.
LaTeX Font Info:    Font shape `OT1/ptm/bx/it' in size <17> not available
(Font)              Font shape `OT1/ptm/b/it' tried instead on input line 731.
LaTeX Font Info:    Font shape `OT1/ptm/bx/n' in size <20> not available
(Font)              Font shape `OT1/ptm/b/n' tried instead on input line 731.
LaTeX Font Info:    Font shape `OT1/ptm/bx/it' in size <20> not available
(Font)              Font shape `OT1/ptm/b/it' tried instead on input line 731.
LaTeX Font Info:    Font shape `OT1/ptm/bx/n' in size <24> not available
(Font)              Font shape `OT1/ptm/b/n' tried instead on input line 731.
LaTeX Font Info:    Font shape `OT1/ptm/bx/it' in size <24> not available
(Font)              Font shape `OT1/ptm/b/it' tried instead on input line 731.
\IEEEilabelindentA=\dimen108
\IEEEilabelindentB=\dimen109
\IEEEilabelindent=\dimen110
\IEEEelabelindent=\dimen111
\IEEEdlabelindent=\dimen112
\IEEElabelindent=\dimen113
\IEEEiednormlabelsep=\dimen114
\IEEEiedmathlabelsep=\dimen115
\IEEEiedtopsep=\skip41
\c@section=\count81
\c@subsection=\count82
\c@subsubsection=\count83
\c@paragraph=\count84
\c@IEEEsubequation=\count85
\abovecaptionskip=\skip42
\belowcaptionskip=\skip43
\c@figure=\count86
\c@table=\count87
\@IEEEeqnnumcols=\count88
\@IEEEeqncolcnt=\count89
\@IEEEtmpitemindent=\dimen116
\c@IEEEbiography=\count90
\@IEEEtranrubishbin=\box26
) (C:\programming\tools\Mike\tex\latex\amsmath\amsmath.sty
Package: amsmath 2013/01/14 v2.14 AMS math features
\@mathmargin=\skip44

For additional information on amsmath, use the `?' option.
(C:\programming\tools\Mike\tex\latex\amsmath\amstext.sty
Package: amstext 2000/06/29 v2.01

(C:\programming\tools\Mike\tex\latex\amsmath\amsgen.sty
File: amsgen.sty 1999/11/30 v2.0
\@emptytoks=\toks15
\ex@=\dimen117
))
(C:\programming\tools\Mike\tex\latex\amsmath\amsbsy.sty
Package: amsbsy 1999/11/29 v1.2d
\pmbraise@=\dimen118
)
(C:\programming\tools\Mike\tex\latex\amsmath\amsopn.sty
Package: amsopn 1999/12/14 v2.01 operator names
)
\inf@bad=\count91
LaTeX Info: Redefining \frac on input line 210.
\uproot@=\count92
\leftroot@=\count93
LaTeX Info: Redefining \overline on input line 306.
\classnum@=\count94
\DOTSCASE@=\count95
LaTeX Info: Redefining \ldots on input line 378.
LaTeX Info: Redefining \dots on input line 381.
LaTeX Info: Redefining \cdots on input line 466.
\Mathstrutbox@=\box27
\strutbox@=\box28
\big@size=\dimen119
LaTeX Font Info:    Redeclaring font encoding OML on input line 566.
LaTeX Font Info:    Redeclaring font encoding OMS on input line 567.
\macc@depth=\count96
\c@MaxMatrixCols=\count97
\dotsspace@=\muskip10
\c@parentequation=\count98
\dspbrk@lvl=\count99
\tag@help=\toks16
\row@=\count100
\column@=\count101
\maxfields@=\count102
\andhelp@=\toks17
\eqnshift@=\dimen120
\alignsep@=\dimen121
\tagshift@=\dimen122
\tagwidth@=\dimen123
\totwidth@=\dimen124
\lineht@=\dimen125
\@envbody=\toks18
\multlinegap=\skip45
\multlinetaggap=\skip46
\mathdisplay@stack=\toks19
LaTeX Info: Redefining \[ on input line 2665.
LaTeX Info: Redefining \] on input line 2666.
)
(C:\research\paper\BlockQoS\blockqos.aux)
LaTeX Font Info:    Checking defaults for OML/cmm/m/it on input line 352.
LaTeX Font Info:    ... okay on input line 352.
LaTeX Font Info:    Checking defaults for T1/cmr/m/n on input line 352.
LaTeX Font Info:    ... okay on input line 352.
LaTeX Font Info:    Checking defaults for OT1/cmr/m/n on input line 352.
LaTeX Font Info:    ... okay on input line 352.
LaTeX Font Info:    Checking defaults for OMS/cmsy/m/n on input line 352.
LaTeX Font Info:    ... okay on input line 352.
LaTeX Font Info:    Checking defaults for OMX/cmex/m/n on input line 352.
LaTeX Font Info:    ... okay on input line 352.
LaTeX Font Info:    Checking defaults for U/cmr/m/n on input line 352.
LaTeX Font Info:    ... okay on input line 352.
LaTeX Font Info:    External font `cmex10' loaded for size
(Font)              <7> on input line 399.
LaTeX Font Info:    External font `cmex10' loaded for size
(Font)              <5> on input line 399.
 [1{C:/Users/IBM_ADMIN/AppData/Local/MiKTeX/2.9/pdftex/config/pdftex.map}


] [2]
Underfull \hbox (badness 4518) detected at line 610
 []$[]  \OML/cmm/m/it/10 pd[]\OT1/cmr/m/n/10 (\OML/cmm/m/it/10 pt[]\OT1/cmr/m/n
/10 ) \OMS/cmsy/m/n/10 ! \OML/cmm/m/it/10 \OT1/cmr/m/n/10 (\OML/cmm/m/it/10 ve
l[]; \OMS/cmsy/m/n/10 f\OML/cmm/m/it/10 pel[] \OMS/cmsy/m/n/10 j \OML/cmm/m/it/
10 po[]\OT1/cmr/m/n/10 (\OML/cmm/m/it/10 pt[]\OT1/cmr/m/n/10 )\OMS/cmsy/m/n/10 
g\OT1/cmr/m/n/10 )$ []  
 []


Underfull \hbox (badness 3590) detected at line 618
 []$[]  \OML/cmm/m/it/10 rd[]\OT1/cmr/m/n/10 (\OML/cmm/m/it/10 rt[]\OT1/cmr/m/n
/10 )) \OMS/cmsy/m/n/10 ! \OML/cmm/m/it/10 \OT1/cmr/m/n/10 (\OML/cmm/m/it/10 v
el[]; \OMS/cmsy/m/n/10 f\OML/cmm/m/it/10 pel[] \OMS/cmsy/m/n/10 j \OML/cmm/m/it
/10 ro[]\OT1/cmr/m/n/10 (\OML/cmm/m/it/10 rt[]\OT1/cmr/m/n/10 )\OMS/cmsy/m/n/10
 g\OT1/cmr/m/n/10 )$ []  
 []


LaTeX Warning: Citation `Zhou2013' on page 3 undefined on input line 678.


LaTeX Warning: Citation `Noorshams2013a' on page 3 undefined on input line 678.



LaTeX Warning: Citation `Noorshams2013b' on page 3 undefined on input line 678.



LaTeX Warning: Citation `Noorshams2013c' on page 3 undefined on input line 678.


[3]
No file blockqos.bbl.

** Conference Paper **
Before submitting the final camera ready copy, remember to:

 1. Manually equalize the lengths of two columns on the last page
 of your paper;

 2. Ensure that any PostScript and/or PDF output post-processing
 uses only Type 1 fonts and that every step in the generation
 process uses the appropriate paper size.

[4

] (C:\research\paper\BlockQoS\blockqos.aux)

LaTeX Warning: There were undefined references.

 ) 
Here is how much of TeX's memory you used:
 1513 strings out of 493921
 22660 string characters out of 3148072
 87082 words of memory out of 3000000
 4858 multiletter control sequences out of 15000+200000
 34114 words of font info for 63 fonts, out of 3000000 for 9000
 844 hyphenation exceptions out of 8191
 27i,8n,22p,1035b,198s stack positions out of 5000i,500n,10000p,200000b,50000s
{C:/programming/tools/Mike/fonts/enc/dvips/fontname/8r.enc}<C:/programming/to
ols/Mike/fonts/type1/public/amsfonts/cm/cmex10.pfb><C:/programming/tools/Mike/f
onts/type1/public/amsfonts/cm/cmmi10.pfb><C:/programming/tools/Mike/fonts/type1
/public/amsfonts/cm/cmmi5.pfb><C:/programming/tools/Mike/fonts/type1/public/ams
fonts/cm/cmmi7.pfb><C:/programming/tools/Mike/fonts/type1/public/amsfonts/cm/cm
r10.pfb><C:/programming/tools/Mike/fonts/type1/public/amsfonts/cm/cmr7.pfb><C:/
programming/tools/Mike/fonts/type1/public/amsfonts/cm/cmsy10.pfb><C:/programmin
g/tools/Mike/fonts/type1/public/amsfonts/cm/cmsy7.pfb><C:/programming/tools/Mik
e/fonts/type1/urw/times/utmb8a.pfb><C:/programming/tools/Mike/fonts/type1/urw/t
imes/utmbi8a.pfb><C:/programming/tools/Mike/fonts/type1/urw/times/utmr8a.pfb><C
:/programming/tools/Mike/fonts/type1/urw/times/utmri8a.pfb>
Output written on blockqos.pdf (4 pages, 151475 bytes).
PDF statistics:
 64 PDF objects out of 1000 (max. 8388607)
 0 named destinations out of 1000 (max. 500000)
 1 words of extra memory for PDF output out of 10000 (max. 10000000)

